0 info it worked if it ends with ok
1 verbose cli [ 'C:\\Program Files\\nodejs\\\\node.exe',
1 verbose cli   'C:\\Program Files\\nodejs\\node_modules\\npm\\bin\\npm-cli.js',
1 verbose cli   'rebuild' ]
2 info using npm@2.5.1
3 info using node@v0.12.0
4 verbose node symlink C:\Program Files\nodejs\\node.exe
5 info readInstalled object
6 verbose rebuild path, id [ 'C:\\Users\\hamed\\Desktop\\empty-project',
6 verbose rebuild   'MwdNodeProject@1.0.0' ]
7 verbose rebuild path, id [ 'C:\\Users\\hamed\\Desktop\\empty-project\\node_modules\\mssql',
7 verbose rebuild   'mssql@2.1.1' ]
8 verbose rebuild path, id [ 'C:\\Users\\hamed\\Desktop\\empty-project\\node_modules\\mssql\\node_modules\\tedious',
8 verbose rebuild   'tedious@1.10.0' ]
9 verbose rebuild path, id [ 'C:\\Users\\hamed\\Desktop\\empty-project\\node_modules\\mssql\\node_modules\\tedious\\node_modules\\big-number',
9 verbose rebuild   'big-number@0.3.1' ]
10 verbose rebuild path, id [ 'C:\\Users\\hamed\\Desktop\\empty-project\\node_modules\\mssql\\node_modules\\tedious\\node_modules\\iconv-lite',
10 verbose rebuild   'iconv-lite@0.4.7' ]
11 verbose rebuild path, id [ 'C:\\Users\\hamed\\Desktop\\empty-project\\node_modules\\mssql\\node_modules\\tedious\\node_modules\\sprintf',
11 verbose rebuild   'sprintf@0.1.5' ]
12 verbose rebuild path, id [ 'C:\\Users\\hamed\\Desktop\\empty-project\\node_modules\\mssql\\node_modules\\generic-pool',
12 verbose rebuild   'generic-pool@2.1.1' ]
13 verbose rebuild path, id [ 'C:\\Users\\hamed\\Desktop\\empty-project\\node_modules\\mssql\\node_modules\\promise',
13 verbose rebuild   'promise@6.1.0' ]
14 verbose rebuild path, id [ 'C:\\Users\\hamed\\Desktop\\empty-project\\node_modules\\mssql\\node_modules\\promise\\node_modules\\asap',
14 verbose rebuild   'asap@1.0.0' ]
15 verbose rebuild path, id [ 'C:\\Users\\hamed\\Desktop\\empty-project\\node_modules\\total.js',
15 verbose rebuild   'total.js@1.7.2' ]
16 silly rebuild set [ 'C:\\Users\\hamed\\Desktop\\empty-project\\node_modules\\mssql',
16 silly rebuild set   'C:\\Users\\hamed\\Desktop\\empty-project\\node_modules\\mssql\\node_modules\\tedious',
16 silly rebuild set   'C:\\Users\\hamed\\Desktop\\empty-project\\node_modules\\mssql\\node_modules\\tedious\\node_modules\\big-number',
16 silly rebuild set   'C:\\Users\\hamed\\Desktop\\empty-project\\node_modules\\mssql\\node_modules\\tedious\\node_modules\\iconv-lite',
16 silly rebuild set   'C:\\Users\\hamed\\Desktop\\empty-project\\node_modules\\mssql\\node_modules\\tedious\\node_modules\\sprintf',
16 silly rebuild set   'C:\\Users\\hamed\\Desktop\\empty-project\\node_modules\\mssql\\node_modules\\generic-pool',
16 silly rebuild set   'C:\\Users\\hamed\\Desktop\\empty-project\\node_modules\\mssql\\node_modules\\promise',
16 silly rebuild set   'C:\\Users\\hamed\\Desktop\\empty-project\\node_modules\\mssql\\node_modules\\promise\\node_modules\\asap',
16 silly rebuild set   'C:\\Users\\hamed\\Desktop\\empty-project\\node_modules\\total.js' ]
17 info build C:\Users\hamed\Desktop\empty-project\node_modules\mssql
18 info preinstall mssql@2.1.1
19 verbose linkStuff [ false,
19 verbose linkStuff   false,
19 verbose linkStuff   false,
19 verbose linkStuff   'C:\\Users\\hamed\\Desktop\\empty-project\\node_modules' ]
20 info linkStuff mssql@2.1.1
21 verbose linkBins mssql@2.1.1
22 verbose link bins [ { mssql: './bin/mssql' },
22 verbose link bins   'C:\\Users\\hamed\\Desktop\\empty-project\\node_modules\\.bin',
22 verbose link bins   false ]
23 verbose linkMans mssql@2.1.1
24 verbose rebuildBundles mssql@2.1.1
25 verbose rebuildBundles [ 'generic-pool', 'promise', 'tedious' ]
26 info install mssql@2.1.1
27 info postinstall mssql@2.1.1
28 info build C:\Users\hamed\Desktop\empty-project\node_modules\mssql\node_modules\tedious
29 info preinstall tedious@1.10.0
30 verbose linkStuff [ false,
30 verbose linkStuff   false,
30 verbose linkStuff   false,
30 verbose linkStuff   'C:\\Users\\hamed\\Desktop\\empty-project\\node_modules\\mssql\\node_modules' ]
31 info linkStuff tedious@1.10.0
32 verbose linkBins tedious@1.10.0
33 verbose linkMans tedious@1.10.0
34 verbose rebuildBundles tedious@1.10.0
35 verbose rebuildBundles [ 'big-number', 'iconv-lite', 'sprintf' ]
36 info install tedious@1.10.0
37 info postinstall tedious@1.10.0
38 info build C:\Users\hamed\Desktop\empty-project\node_modules\mssql\node_modules\tedious\node_modules\big-number
39 info preinstall big-number@0.3.1
40 verbose linkStuff [ false,
40 verbose linkStuff   false,
40 verbose linkStuff   false,
40 verbose linkStuff   'C:\\Users\\hamed\\Desktop\\empty-project\\node_modules\\mssql\\node_modules\\tedious\\node_modules' ]
41 info linkStuff big-number@0.3.1
42 verbose linkBins big-number@0.3.1
43 verbose linkMans big-number@0.3.1
44 verbose rebuildBundles big-number@0.3.1
45 info install big-number@0.3.1
46 info postinstall big-number@0.3.1
47 info build C:\Users\hamed\Desktop\empty-project\node_modules\mssql\node_modules\tedious\node_modules\iconv-lite
48 info preinstall iconv-lite@0.4.7
49 verbose linkStuff [ false,
49 verbose linkStuff   false,
49 verbose linkStuff   false,
49 verbose linkStuff   'C:\\Users\\hamed\\Desktop\\empty-project\\node_modules\\mssql\\node_modules\\tedious\\node_modules' ]
50 info linkStuff iconv-lite@0.4.7
51 verbose linkBins iconv-lite@0.4.7
52 verbose linkMans iconv-lite@0.4.7
53 verbose rebuildBundles iconv-lite@0.4.7
54 info install iconv-lite@0.4.7
55 info postinstall iconv-lite@0.4.7
56 info build C:\Users\hamed\Desktop\empty-project\node_modules\mssql\node_modules\tedious\node_modules\sprintf
57 info preinstall sprintf@0.1.5
58 verbose linkStuff [ false,
58 verbose linkStuff   false,
58 verbose linkStuff   false,
58 verbose linkStuff   'C:\\Users\\hamed\\Desktop\\empty-project\\node_modules\\mssql\\node_modules\\tedious\\node_modules' ]
59 info linkStuff sprintf@0.1.5
60 verbose linkBins sprintf@0.1.5
61 verbose linkMans sprintf@0.1.5
62 verbose rebuildBundles sprintf@0.1.5
63 info install sprintf@0.1.5
64 info postinstall sprintf@0.1.5
65 info build C:\Users\hamed\Desktop\empty-project\node_modules\mssql\node_modules\generic-pool
66 info preinstall generic-pool@2.1.1
67 verbose linkStuff [ false,
67 verbose linkStuff   false,
67 verbose linkStuff   false,
67 verbose linkStuff   'C:\\Users\\hamed\\Desktop\\empty-project\\node_modules\\mssql\\node_modules' ]
68 info linkStuff generic-pool@2.1.1
69 verbose linkBins generic-pool@2.1.1
70 verbose linkMans generic-pool@2.1.1
71 verbose rebuildBundles generic-pool@2.1.1
72 info install generic-pool@2.1.1
73 info postinstall generic-pool@2.1.1
74 info build C:\Users\hamed\Desktop\empty-project\node_modules\mssql\node_modules\promise
75 info preinstall promise@6.1.0
76 verbose linkStuff [ false,
76 verbose linkStuff   false,
76 verbose linkStuff   false,
76 verbose linkStuff   'C:\\Users\\hamed\\Desktop\\empty-project\\node_modules\\mssql\\node_modules' ]
77 info linkStuff promise@6.1.0
78 verbose linkBins promise@6.1.0
79 verbose linkMans promise@6.1.0
80 verbose rebuildBundles promise@6.1.0
81 verbose rebuildBundles [ 'asap' ]
82 info install promise@6.1.0
83 info postinstall promise@6.1.0
84 info build C:\Users\hamed\Desktop\empty-project\node_modules\mssql\node_modules\promise\node_modules\asap
85 info preinstall asap@1.0.0
86 verbose linkStuff [ false,
86 verbose linkStuff   false,
86 verbose linkStuff   false,
86 verbose linkStuff   'C:\\Users\\hamed\\Desktop\\empty-project\\node_modules\\mssql\\node_modules\\promise\\node_modules' ]
87 info linkStuff asap@1.0.0
88 verbose linkBins asap@1.0.0
89 verbose linkMans asap@1.0.0
90 verbose rebuildBundles asap@1.0.0
91 info install asap@1.0.0
92 info postinstall asap@1.0.0
93 info build C:\Users\hamed\Desktop\empty-project\node_modules\total.js
94 info preinstall total.js@1.7.2
95 verbose linkStuff [ false,
95 verbose linkStuff   false,
95 verbose linkStuff   false,
95 verbose linkStuff   'C:\\Users\\hamed\\Desktop\\empty-project\\node_modules' ]
96 info linkStuff total.js@1.7.2
97 verbose linkBins total.js@1.7.2
98 verbose link bins [ { total: './bin/total',
98 verbose link bins     'total.js': './bin/total',
98 verbose link bins     tpm: './bin/tpm',
98 verbose link bins     totalpackage: './bin/tpm' },
98 verbose link bins   'C:\\Users\\hamed\\Desktop\\empty-project\\node_modules\\.bin',
98 verbose link bins   false ]
99 verbose linkMans total.js@1.7.2
100 verbose rebuildBundles total.js@1.7.2
101 verbose stack Error: ENOENT, chmod 'C:\Users\hamed\Desktop\empty-project\node_modules\total.js\bin\total'
101 verbose stack     at Error (native)
102 verbose cwd C:\Users\hamed\Desktop\empty-project
103 error Windows_NT 6.3.9600
104 error argv "C:\\Program Files\\nodejs\\\\node.exe" "C:\\Program Files\\nodejs\\node_modules\\npm\\bin\\npm-cli.js" "rebuild"
105 error node v0.12.0
106 error npm  v2.5.1
107 error path C:\Users\hamed\Desktop\empty-project\node_modules\total.js\bin\total
108 error code ENOENT
109 error errno -4058
110 error enoent ENOENT, chmod 'C:\Users\hamed\Desktop\empty-project\node_modules\total.js\bin\total'
110 error enoent This is most likely not a problem with npm itself
110 error enoent and is related to npm not being able to find a file.
111 verbose exit [ -4058, true ]
